<?xml version="1.0" encoding="UTF-8"?>
<!-- Generated by org.testng.reporters.JUnitReportReporter -->
<testsuite hostname="DESKTOP-MPC5MTV" failures="0" tests="1" name="com.hrms.testscripts.Testing_032_DelEmployee" time="4.941" errors="0" timestamp="14 Jun 2022 13:55:31 GMT">
  <testcase classname="com.hrms.testscripts.Testing_032_DelEmployee" name="DelEmp" time="4.941"/>
</testsuite> <!-- com.hrms.testscripts.Testing_032_DelEmployee -->
