<?xml version="1.0" encoding="UTF-8"?>
<!-- Generated by org.testng.reporters.JUnitReportReporter -->
<testsuite hostname="DESKTOP-MPC5MTV" failures="0" tests="1" name="com.hrms.testscripts.Testing_031_EditEmployee" time="6.748" errors="0" timestamp="14 Jun 2022 13:55:31 GMT">
  <testcase classname="com.hrms.testscripts.Testing_031_EditEmployee" name="EditEmp" time="6.748"/>
</testsuite> <!-- com.hrms.testscripts.Testing_031_EditEmployee -->
